<?xml version="1.0" encoding="UTF-8"?>
<!-- Generated by org.testng.reporters.JUnitReportReporter -->
<testsuite hostname="Ragul-LAP" failures="0" tests="1" name="com.cricbuzz.tests.TC001_EnterSchedule" time="0.479" errors="0" timestamp="2024-09-17T23:12:46 IST" skipped="0">
  <testcase classname="com.cricbuzz.tests.TC001_EnterSchedule" name="testMeth" time="0.479"/>
  <system-out/>
</testsuite> <!-- com.cricbuzz.tests.TC001_EnterSchedule -->
