<?xml version="1.0" encoding="UTF-8"?>
<!-- Generated by org.testng.reporters.JUnitReportReporter -->
<testsuite hostname="Ragul-LAP" failures="0" tests="1" name="com.cricbuzz.pages.HomePage" time="0.012" errors="0" timestamp="2024-09-15T22:44:55 IST" skipped="0">
  <testcase classname="com.cricbuzz.pages.HomePage" name="mine" time="0.012"/>
  <system-out/>
</testsuite> <!-- com.cricbuzz.pages.HomePage -->
