<?xml version="1.0" encoding="UTF-8"?>
<!-- Generated by org.testng.reporters.JUnitReportReporter -->
<testsuite hostname="Ragul-LAP" failures="0" tests="1" name="com.cricbuzz.tests.TC002_EnterArchives" time="0.502" errors="0" timestamp="2024-09-17T22:27:17 IST" skipped="0">
  <testcase classname="com.cricbuzz.tests.TC002_EnterArchives" name="test1" time="0.502"/>
  <system-out/>
</testsuite> <!-- com.cricbuzz.tests.TC002_EnterArchives -->
