<?xml version="1.0" encoding="UTF-8"?>
<!-- Generated by org.testng.reporters.JUnitReportReporter -->
<testsuite hostname="Ragul-LAP" failures="0" tests="1" name="inheritance.A" time="0.001" errors="0" timestamp="2024-09-09T14:54:26 IST" skipped="0">
  <testcase classname="inheritance.A" name="display" time="0.001"/>
  <system-out/>
</testsuite> <!-- inheritance.A -->
