<?xml version="1.0" encoding="UTF-8"?>
<!-- Generated by org.testng.reporters.JUnitReportReporter -->
<testsuite hostname="Ragul-LAP" failures="0" tests="1" name="inheritance.B" time="0.009" errors="0" timestamp="2024-09-09T14:54:56 IST" skipped="0">
  <testcase classname="inheritance.B" name="show" time="0.009"/>
  <system-out/>
</testsuite> <!-- inheritance.B -->
