<?xml version="1.0" encoding="UTF-8"?>
<!-- Generated by org.testng.reporters.JUnitReportReporter -->
<testsuite hostname="Ragul-LAP" failures="0" tests="1" name="inheritance.dummyInheritance" time="0.011" errors="0" timestamp="2024-09-09T14:52:13 IST" skipped="0">
  <testcase classname="inheritance.dummyInheritance" name="display" time="0.011"/>
  <system-out/>
</testsuite> <!-- inheritance.dummyInheritance -->
