<?xml version="1.0" encoding="UTF-8"?>
<!-- Generated by org.testng.reporters.JUnitReportReporter -->
<testsuite hostname="Ragul-LAP" failures="0" tests="1" name="com.cricbuzz.tests.TC001_EnterRankings" time="0.644" errors="0" timestamp="2024-09-17T19:03:31 IST" skipped="0">
  <testcase classname="com.cricbuzz.tests.TC001_EnterRankings" name="test1" time="0.644"/>
</testsuite> <!-- com.cricbuzz.tests.TC001_EnterRankings -->
